2022-09-26 00:04:49.869 [main] INFO  com.deckofcards.App - Welcome to Deck of Cards Program!
2022-09-26 00:04:49.877 [main] INFO  com.deckofcards.App - 2CLUBS
2022-09-26 00:04:49.878 [main] INFO  com.deckofcards.App - 3CLUBS
2022-09-26 00:04:49.880 [main] INFO  com.deckofcards.App - 4CLUBS
2022-09-26 00:04:49.881 [main] INFO  com.deckofcards.App - 5CLUBS
2022-09-26 00:04:49.886 [main] INFO  com.deckofcards.App - 6CLUBS
2022-09-26 00:04:49.887 [main] INFO  com.deckofcards.App - 7CLUBS
2022-09-26 00:04:49.888 [main] INFO  com.deckofcards.App - 8CLUBS
2022-09-26 00:04:49.888 [main] INFO  com.deckofcards.App - 9CLUBS
2022-09-26 00:04:49.889 [main] INFO  com.deckofcards.App - 10CLUBS
2022-09-26 00:04:49.889 [main] INFO  com.deckofcards.App - JackCLUBS
2022-09-26 00:04:49.890 [main] INFO  com.deckofcards.App - QueenCLUBS
2022-09-26 00:04:49.891 [main] INFO  com.deckofcards.App - KingCLUBS
2022-09-26 00:04:49.891 [main] INFO  com.deckofcards.App - AceCLUBS
2022-09-26 00:04:49.892 [main] INFO  com.deckofcards.App - 2DIAMOND
2022-09-26 00:04:49.893 [main] INFO  com.deckofcards.App - 3DIAMOND
2022-09-26 00:04:49.893 [main] INFO  com.deckofcards.App - 4DIAMOND
2022-09-26 00:04:49.894 [main] INFO  com.deckofcards.App - 5DIAMOND
2022-09-26 00:04:49.895 [main] INFO  com.deckofcards.App - 6DIAMOND
2022-09-26 00:04:49.896 [main] INFO  com.deckofcards.App - 7DIAMOND
2022-09-26 00:04:49.896 [main] INFO  com.deckofcards.App - 8DIAMOND
2022-09-26 00:04:49.898 [main] INFO  com.deckofcards.App - 9DIAMOND
2022-09-26 00:04:49.899 [main] INFO  com.deckofcards.App - 10DIAMOND
2022-09-26 00:04:49.903 [main] INFO  com.deckofcards.App - JackDIAMOND
2022-09-26 00:04:49.904 [main] INFO  com.deckofcards.App - QueenDIAMOND
2022-09-26 00:04:49.904 [main] INFO  com.deckofcards.App - KingDIAMOND
2022-09-26 00:04:49.905 [main] INFO  com.deckofcards.App - AceDIAMOND
2022-09-26 00:04:49.906 [main] INFO  com.deckofcards.App - 2HEARTS
2022-09-26 00:04:49.907 [main] INFO  com.deckofcards.App - 3HEARTS
2022-09-26 00:04:49.916 [main] INFO  com.deckofcards.App - 4HEARTS
2022-09-26 00:04:49.918 [main] INFO  com.deckofcards.App - 5HEARTS
2022-09-26 00:04:49.919 [main] INFO  com.deckofcards.App - 6HEARTS
2022-09-26 00:04:49.920 [main] INFO  com.deckofcards.App - 7HEARTS
2022-09-26 00:04:49.921 [main] INFO  com.deckofcards.App - 8HEARTS
2022-09-26 00:04:49.922 [main] INFO  com.deckofcards.App - 9HEARTS
2022-09-26 00:04:49.923 [main] INFO  com.deckofcards.App - 10HEARTS
2022-09-26 00:04:49.924 [main] INFO  com.deckofcards.App - JackHEARTS
2022-09-26 00:04:49.924 [main] INFO  com.deckofcards.App - QueenHEARTS
2022-09-26 00:04:49.925 [main] INFO  com.deckofcards.App - KingHEARTS
2022-09-26 00:04:49.926 [main] INFO  com.deckofcards.App - AceHEARTS
2022-09-26 00:04:49.927 [main] INFO  com.deckofcards.App - 2SPADES
2022-09-26 00:04:49.930 [main] INFO  com.deckofcards.App - 3SPADES
2022-09-26 00:04:49.932 [main] INFO  com.deckofcards.App - 4SPADES
2022-09-26 00:04:49.934 [main] INFO  com.deckofcards.App - 5SPADES
2022-09-26 00:04:49.934 [main] INFO  com.deckofcards.App - 6SPADES
2022-09-26 00:04:49.935 [main] INFO  com.deckofcards.App - 7SPADES
2022-09-26 00:04:49.936 [main] INFO  com.deckofcards.App - 8SPADES
2022-09-26 00:04:49.940 [main] INFO  com.deckofcards.App - 9SPADES
2022-09-26 00:04:49.941 [main] INFO  com.deckofcards.App - 10SPADES
2022-09-26 00:04:49.941 [main] INFO  com.deckofcards.App - JackSPADES
2022-09-26 00:04:49.942 [main] INFO  com.deckofcards.App - QueenSPADES
2022-09-26 00:04:49.943 [main] INFO  com.deckofcards.App - KingSPADES
2022-09-26 00:04:49.947 [main] INFO  com.deckofcards.App - AceSPADES
