2022-09-25 13:39:45.268 [main] INFO  com.deckofcards.App - Welcome to Deck of Cards Program!
2022-09-25 13:39:56.001 [main] INFO  com.deckofcards.App - Welcome to Deck of Cards Program!
2022-09-25 13:40:14.219 [main] INFO  com.deckofcards.App - Welcome to Deck of Cards Program!
2022-09-25 13:41:21.793 [main] INFO  com.deckofcards.App - Welcome to Deck of Cards Program!
2022-09-25 13:41:56.033 [main] INFO  com.deckofcards.App - Welcome to Deck of Cards Program!
2022-09-25 13:42:23.459 [main] INFO  com.deckofcards.App - Welcome to Deck of Cards Program!
2022-09-25 13:43:07.782 [main] INFO  com.deckofcards.App - Welcome to Deck of Cards Program!
2022-09-25 13:43:25.987 [main] INFO  com.deckofcards.App - Welcome to Deck of Cards Program!
2022-09-25 13:44:16.759 [main] INFO  com.deckofcards.App - Welcome to Deck of Cards Program!
2022-09-25 13:46:52.116 [main] INFO  com.deckofcards.App - Welcome to Deck of Cards Program!
2022-09-25 13:48:26.135 [main] INFO  com.deckofcards.App - Welcome to Deck of Cards Program!
2022-09-25 13:48:54.182 [main] INFO  com.deckofcards.App - Welcome to Deck of Cards Program!
2022-09-25 13:54:51.897 [main] INFO  com.deckofcards.App - Welcome to Deck of Cards Program!
2022-09-25 13:55:48.899 [main] INFO  com.deckofcards.App - Welcome to Deck of Cards Program!
2022-09-25 13:59:37.454 [main] INFO  com.deckofcards.App - Welcome to Deck of Cards Program!
2022-09-25 14:01:13.513 [main] INFO  com.deckofcards.App - Welcome to Deck of Cards Program!
2022-09-25 14:07:04.702 [main] INFO  com.deckofcards.App - Welcome to Deck of Cards Program!
2022-09-25 14:07:44.239 [main] INFO  com.deckofcards.App - Welcome to Deck of Cards Program!
2022-09-25 14:08:36.747 [main] INFO  com.deckofcards.App - Welcome to Deck of Cards Program!
2022-09-25 14:08:54.636 [main] INFO  com.deckofcards.App - Welcome to Deck of Cards Program!
2022-09-25 14:09:19.069 [main] INFO  com.deckofcards.App - Welcome to Deck of Cards Program!
2022-09-25 14:10:08.835 [main] INFO  com.deckofcards.App - Welcome to Deck of Cards Program!
2022-09-25 14:10:43.253 [main] INFO  com.deckofcards.App - Welcome to Deck of Cards Program!
2022-09-25 14:11:47.944 [main] INFO  com.deckofcards.App - Welcome to Deck of Cards Program!
2022-09-25 14:13:22.231 [main] INFO  com.deckofcards.App - Welcome to Deck of Cards Program!
2022-09-25 14:13:55.585 [main] INFO  com.deckofcards.App - Welcome to Deck of Cards Program!
2022-09-25 14:14:14.163 [main] INFO  com.deckofcards.App - Welcome to Deck of Cards Program!
2022-09-25 14:14:24.303 [main] INFO  com.deckofcards.App - Welcome to Deck of Cards Program!
2022-09-25 14:19:52.827 [main] INFO  com.deckofcards.App - Welcome to Deck of Cards Program!
2022-09-25 15:52:42.057 [main] INFO  com.deckofcards.App - Welcome to Deck of Cards Program!
2022-09-25 15:55:19.485 [main] INFO  com.deckofcards.App - Welcome to Deck of Cards Program!
2022-09-25 15:56:10.630 [main] INFO  com.deckofcards.App - Welcome to Deck of Cards Program!
2022-09-25 15:58:56.873 [main] INFO  com.deckofcards.App - Welcome to Deck of Cards Program!
2022-09-25 15:59:33.648 [main] INFO  com.deckofcards.App - Welcome to Deck of Cards Program!
2022-09-25 16:00:18.397 [main] INFO  com.deckofcards.App - Welcome to Deck of Cards Program!
2022-09-25 16:00:27.781 [main] INFO  com.deckofcards.App - Welcome to Deck of Cards Program!
2022-09-25 16:01:45.324 [main] INFO  com.deckofcards.App - Welcome to Deck of Cards Program!
2022-09-25 16:02:58.816 [main] INFO  com.deckofcards.App - Welcome to Deck of Cards Program!
2022-09-25 16:04:12.083 [main] INFO  com.deckofcards.App - Welcome to Deck of Cards Program!
2022-09-25 16:06:23.201 [main] INFO  com.deckofcards.App - Welcome to Deck of Cards Program!
2022-09-25 16:09:30.112 [main] INFO  com.deckofcards.App - Welcome to Deck of Cards Program!
2022-09-25 16:10:27.335 [main] INFO  com.deckofcards.App - Welcome to Deck of Cards Program!
2022-09-25 16:11:31.736 [main] INFO  com.deckofcards.App - Welcome to Deck of Cards Program!
2022-09-25 16:13:51.441 [main] INFO  com.deckofcards.App - Welcome to Deck of Cards Program!
2022-09-25 16:15:52.924 [main] INFO  com.deckofcards.App - Welcome to Deck of Cards Program!
2022-09-25 16:16:18.837 [main] INFO  com.deckofcards.App - Welcome to Deck of Cards Program!
2022-09-25 16:17:18.764 [main] INFO  com.deckofcards.App - Welcome to Deck of Cards Program!
2022-09-25 16:17:35.125 [main] INFO  com.deckofcards.App - Welcome to Deck of Cards Program!
2022-09-25 16:18:04.285 [main] INFO  com.deckofcards.App - Welcome to Deck of Cards Program!
2022-09-25 16:27:08.897 [main] INFO  com.deckofcards.App - Welcome to Deck of Cards Program!
2022-09-25 16:27:52.111 [main] INFO  com.deckofcards.App - Welcome to Deck of Cards Program!
2022-09-25 16:29:03.726 [main] INFO  com.deckofcards.App - Welcome to Deck of Cards Program!
2022-09-25 16:39:04.313 [main] INFO  com.deckofcards.App - Welcome to Deck of Cards Program!
2022-09-25 16:41:37.952 [main] INFO  com.deckofcards.App - Welcome to Deck of Cards Program!
2022-09-25 16:42:22.995 [main] INFO  com.deckofcards.App - Welcome to Deck of Cards Program!
2022-09-25 16:47:27.116 [main] INFO  com.deckofcards.App - Welcome to Deck of Cards Program!
2022-09-25 17:10:54.379 [main] INFO  com.deckofcards.App - Welcome to Deck of Cards Program!
2022-09-25 17:27:12.596 [main] INFO  com.deckofcards.App - Welcome to Deck of Cards Program!
2022-09-25 23:23:09.072 [main] INFO  com.deckofcards.App - 2CLUBS
2022-09-25 23:23:09.072 [main] INFO  com.deckofcards.App - 3CLUBS
2022-09-25 23:23:09.080 [main] INFO  com.deckofcards.App - 4CLUBS
2022-09-25 23:23:09.080 [main] INFO  com.deckofcards.App - 5CLUBS
2022-09-25 23:23:09.081 [main] INFO  com.deckofcards.App - 6CLUBS
2022-09-25 23:23:09.081 [main] INFO  com.deckofcards.App - 7CLUBS
2022-09-25 23:23:09.081 [main] INFO  com.deckofcards.App - 8CLUBS
2022-09-25 23:23:09.082 [main] INFO  com.deckofcards.App - 9CLUBS
2022-09-25 23:23:09.083 [main] INFO  com.deckofcards.App - 10CLUBS
2022-09-25 23:23:09.083 [main] INFO  com.deckofcards.App - JCLUBS
2022-09-25 23:23:09.084 [main] INFO  com.deckofcards.App - QCLUBS
2022-09-25 23:23:09.085 [main] INFO  com.deckofcards.App - KCLUBS
2022-09-25 23:23:09.086 [main] INFO  com.deckofcards.App - ACLUBS
2022-09-25 23:23:09.087 [main] INFO  com.deckofcards.App - 2DIAMOND
2022-09-25 23:23:09.088 [main] INFO  com.deckofcards.App - 3DIAMOND
2022-09-25 23:23:09.088 [main] INFO  com.deckofcards.App - 4DIAMOND
2022-09-25 23:23:09.088 [main] INFO  com.deckofcards.App - 5DIAMOND
2022-09-25 23:23:09.089 [main] INFO  com.deckofcards.App - 6DIAMOND
2022-09-25 23:23:09.090 [main] INFO  com.deckofcards.App - 7DIAMOND
2022-09-25 23:23:09.090 [main] INFO  com.deckofcards.App - 8DIAMOND
2022-09-25 23:23:09.091 [main] INFO  com.deckofcards.App - 9DIAMOND
2022-09-25 23:23:09.091 [main] INFO  com.deckofcards.App - 10DIAMOND
2022-09-25 23:23:09.092 [main] INFO  com.deckofcards.App - JDIAMOND
2022-09-25 23:23:09.094 [main] INFO  com.deckofcards.App - QDIAMOND
2022-09-25 23:23:09.094 [main] INFO  com.deckofcards.App - KDIAMOND
2022-09-25 23:23:09.095 [main] INFO  com.deckofcards.App - ADIAMOND
2022-09-25 23:23:09.095 [main] INFO  com.deckofcards.App - 2HEARTS
2022-09-25 23:23:09.096 [main] INFO  com.deckofcards.App - 3HEARTS
2022-09-25 23:23:09.098 [main] INFO  com.deckofcards.App - 4HEARTS
2022-09-25 23:23:09.101 [main] INFO  com.deckofcards.App - 5HEARTS
2022-09-25 23:23:09.102 [main] INFO  com.deckofcards.App - 6HEARTS
2022-09-25 23:23:09.103 [main] INFO  com.deckofcards.App - 7HEARTS
2022-09-25 23:23:09.104 [main] INFO  com.deckofcards.App - 8HEARTS
2022-09-25 23:23:09.104 [main] INFO  com.deckofcards.App - 9HEARTS
2022-09-25 23:23:09.105 [main] INFO  com.deckofcards.App - 10HEARTS
2022-09-25 23:23:09.106 [main] INFO  com.deckofcards.App - JHEARTS
2022-09-25 23:23:09.107 [main] INFO  com.deckofcards.App - QHEARTS
2022-09-25 23:23:09.107 [main] INFO  com.deckofcards.App - KHEARTS
2022-09-25 23:23:09.108 [main] INFO  com.deckofcards.App - AHEARTS
2022-09-25 23:23:09.111 [main] INFO  com.deckofcards.App - 2SPADES
2022-09-25 23:23:09.113 [main] INFO  com.deckofcards.App - 3SPADES
2022-09-25 23:23:09.115 [main] INFO  com.deckofcards.App - 4SPADES
2022-09-25 23:23:09.116 [main] INFO  com.deckofcards.App - 5SPADES
2022-09-25 23:23:09.118 [main] INFO  com.deckofcards.App - 6SPADES
2022-09-25 23:23:09.118 [main] INFO  com.deckofcards.App - 7SPADES
2022-09-25 23:23:09.119 [main] INFO  com.deckofcards.App - 8SPADES
2022-09-25 23:23:09.119 [main] INFO  com.deckofcards.App - 9SPADES
2022-09-25 23:23:09.120 [main] INFO  com.deckofcards.App - 10SPADES
2022-09-25 23:23:09.121 [main] INFO  com.deckofcards.App - JSPADES
2022-09-25 23:23:09.121 [main] INFO  com.deckofcards.App - QSPADES
2022-09-25 23:23:09.122 [main] INFO  com.deckofcards.App - KSPADES
2022-09-25 23:23:09.123 [main] INFO  com.deckofcards.App - ASPADES
2022-09-25 23:23:09.124 [main] INFO  com.deckofcards.App - Player 1
2022-09-25 23:23:09.124 [main] INFO  com.deckofcards.App - 4DIAMOND    
2022-09-25 23:23:09.125 [main] INFO  com.deckofcards.App - 4CLUBS    
2022-09-25 23:23:09.127 [main] INFO  com.deckofcards.App - 3SPADES    
2022-09-25 23:23:09.129 [main] INFO  com.deckofcards.App - 7SPADES    
2022-09-25 23:23:09.130 [main] INFO  com.deckofcards.App - 8DIAMOND    
2022-09-25 23:23:09.131 [main] INFO  com.deckofcards.App - 10HEARTS    
2022-09-25 23:23:09.132 [main] INFO  com.deckofcards.App - 2DIAMOND    
2022-09-25 23:23:09.133 [main] INFO  com.deckofcards.App - 6SPADES    
2022-09-25 23:23:09.134 [main] INFO  com.deckofcards.App - 3DIAMOND    
2022-09-25 23:23:09.135 [main] INFO  com.deckofcards.App - 

2022-09-25 23:23:09.136 [main] INFO  com.deckofcards.App - Player 2
2022-09-25 23:23:09.137 [main] INFO  com.deckofcards.App - 8HEARTS    
2022-09-25 23:23:09.138 [main] INFO  com.deckofcards.App - 7DIAMOND    
2022-09-25 23:23:09.139 [main] INFO  com.deckofcards.App - 5HEARTS    
2022-09-25 23:23:09.140 [main] INFO  com.deckofcards.App - QCLUBS    
2022-09-25 23:23:09.142 [main] INFO  com.deckofcards.App - 2CLUBS    
2022-09-25 23:23:09.142 [main] INFO  com.deckofcards.App - JDIAMOND    
2022-09-25 23:23:09.143 [main] INFO  com.deckofcards.App - QHEARTS    
2022-09-25 23:23:09.146 [main] INFO  com.deckofcards.App - 5SPADES    
2022-09-25 23:23:09.147 [main] INFO  com.deckofcards.App - 4HEARTS    
2022-09-25 23:23:09.148 [main] INFO  com.deckofcards.App - 

2022-09-25 23:23:09.149 [main] INFO  com.deckofcards.App - Player 3
2022-09-25 23:23:09.149 [main] INFO  com.deckofcards.App - 3CLUBS    
2022-09-25 23:23:09.150 [main] INFO  com.deckofcards.App - 6DIAMOND    
2022-09-25 23:23:09.151 [main] INFO  com.deckofcards.App - 6CLUBS    
2022-09-25 23:23:09.151 [main] INFO  com.deckofcards.App - 9HEARTS    
2022-09-25 23:23:09.152 [main] INFO  com.deckofcards.App - 2HEARTS    
2022-09-25 23:23:09.153 [main] INFO  com.deckofcards.App - ADIAMOND    
2022-09-25 23:23:09.153 [main] INFO  com.deckofcards.App - 7HEARTS    
2022-09-25 23:23:09.154 [main] INFO  com.deckofcards.App - QDIAMOND    
2022-09-25 23:23:09.155 [main] INFO  com.deckofcards.App - 6HEARTS    
2022-09-25 23:23:09.157 [main] INFO  com.deckofcards.App - 

2022-09-25 23:23:09.158 [main] INFO  com.deckofcards.App - Player 4
2022-09-25 23:23:09.159 [main] INFO  com.deckofcards.App - 9CLUBS    
2022-09-25 23:23:09.160 [main] INFO  com.deckofcards.App - JSPADES    
2022-09-25 23:23:09.162 [main] INFO  com.deckofcards.App - KDIAMOND    
2022-09-25 23:23:09.163 [main] INFO  com.deckofcards.App - 8SPADES    
2022-09-25 23:23:09.164 [main] INFO  com.deckofcards.App - 7CLUBS    
2022-09-25 23:23:09.164 [main] INFO  com.deckofcards.App - 8CLUBS    
2022-09-25 23:23:09.165 [main] INFO  com.deckofcards.App - ASPADES    
2022-09-25 23:23:09.166 [main] INFO  com.deckofcards.App - KHEARTS    
2022-09-25 23:23:09.171 [main] INFO  com.deckofcards.App - ACLUBS    
2022-09-25 23:23:09.171 [main] INFO  com.deckofcards.App - 

2022-09-25 23:23:18.271 [main] INFO  com.deckofcards.App - 2CLUBS
2022-09-25 23:23:18.271 [main] INFO  com.deckofcards.App - 3CLUBS
2022-09-25 23:23:18.271 [main] INFO  com.deckofcards.App - 4CLUBS
2022-09-25 23:23:18.286 [main] INFO  com.deckofcards.App - 5CLUBS
2022-09-25 23:23:18.286 [main] INFO  com.deckofcards.App - 6CLUBS
2022-09-25 23:23:18.286 [main] INFO  com.deckofcards.App - 7CLUBS
2022-09-25 23:23:18.287 [main] INFO  com.deckofcards.App - 8CLUBS
2022-09-25 23:23:18.287 [main] INFO  com.deckofcards.App - 9CLUBS
2022-09-25 23:23:18.287 [main] INFO  com.deckofcards.App - 10CLUBS
2022-09-25 23:23:18.287 [main] INFO  com.deckofcards.App - JCLUBS
2022-09-25 23:23:18.287 [main] INFO  com.deckofcards.App - QCLUBS
2022-09-25 23:23:18.288 [main] INFO  com.deckofcards.App - KCLUBS
2022-09-25 23:23:18.288 [main] INFO  com.deckofcards.App - ACLUBS
2022-09-25 23:23:18.288 [main] INFO  com.deckofcards.App - 2DIAMOND
2022-09-25 23:23:18.288 [main] INFO  com.deckofcards.App - 3DIAMOND
2022-09-25 23:23:18.289 [main] INFO  com.deckofcards.App - 4DIAMOND
2022-09-25 23:23:18.290 [main] INFO  com.deckofcards.App - 5DIAMOND
2022-09-25 23:23:18.291 [main] INFO  com.deckofcards.App - 6DIAMOND
2022-09-25 23:23:18.291 [main] INFO  com.deckofcards.App - 7DIAMOND
2022-09-25 23:23:18.292 [main] INFO  com.deckofcards.App - 8DIAMOND
2022-09-25 23:23:18.293 [main] INFO  com.deckofcards.App - 9DIAMOND
2022-09-25 23:23:18.293 [main] INFO  com.deckofcards.App - 10DIAMOND
2022-09-25 23:23:18.294 [main] INFO  com.deckofcards.App - JDIAMOND
2022-09-25 23:23:18.295 [main] INFO  com.deckofcards.App - QDIAMOND
2022-09-25 23:23:18.297 [main] INFO  com.deckofcards.App - KDIAMOND
2022-09-25 23:23:18.299 [main] INFO  com.deckofcards.App - ADIAMOND
2022-09-25 23:23:18.299 [main] INFO  com.deckofcards.App - 2HEARTS
2022-09-25 23:23:18.300 [main] INFO  com.deckofcards.App - 3HEARTS
2022-09-25 23:23:18.301 [main] INFO  com.deckofcards.App - 4HEARTS
2022-09-25 23:23:18.303 [main] INFO  com.deckofcards.App - 5HEARTS
2022-09-25 23:23:18.303 [main] INFO  com.deckofcards.App - 6HEARTS
2022-09-25 23:23:18.304 [main] INFO  com.deckofcards.App - 7HEARTS
2022-09-25 23:23:18.305 [main] INFO  com.deckofcards.App - 8HEARTS
2022-09-25 23:23:18.306 [main] INFO  com.deckofcards.App - 9HEARTS
2022-09-25 23:23:18.306 [main] INFO  com.deckofcards.App - 10HEARTS
2022-09-25 23:23:18.307 [main] INFO  com.deckofcards.App - JHEARTS
2022-09-25 23:23:18.308 [main] INFO  com.deckofcards.App - QHEARTS
2022-09-25 23:23:18.311 [main] INFO  com.deckofcards.App - KHEARTS
2022-09-25 23:23:18.312 [main] INFO  com.deckofcards.App - AHEARTS
2022-09-25 23:23:18.314 [main] INFO  com.deckofcards.App - 2SPADES
2022-09-25 23:23:18.315 [main] INFO  com.deckofcards.App - 3SPADES
2022-09-25 23:23:18.316 [main] INFO  com.deckofcards.App - 4SPADES
2022-09-25 23:23:18.318 [main] INFO  com.deckofcards.App - 5SPADES
2022-09-25 23:23:18.321 [main] INFO  com.deckofcards.App - 6SPADES
2022-09-25 23:23:18.323 [main] INFO  com.deckofcards.App - 7SPADES
2022-09-25 23:23:18.324 [main] INFO  com.deckofcards.App - 8SPADES
2022-09-25 23:23:18.325 [main] INFO  com.deckofcards.App - 9SPADES
2022-09-25 23:23:18.326 [main] INFO  com.deckofcards.App - 10SPADES
2022-09-25 23:23:18.328 [main] INFO  com.deckofcards.App - JSPADES
2022-09-25 23:23:18.328 [main] INFO  com.deckofcards.App - QSPADES
2022-09-25 23:23:18.329 [main] INFO  com.deckofcards.App - KSPADES
2022-09-25 23:23:18.330 [main] INFO  com.deckofcards.App - ASPADES
2022-09-25 23:23:18.331 [main] INFO  com.deckofcards.App - Player 1
2022-09-25 23:23:18.332 [main] INFO  com.deckofcards.App - 7HEARTS    
2022-09-25 23:23:18.332 [main] INFO  com.deckofcards.App - QDIAMOND    
2022-09-25 23:23:18.333 [main] INFO  com.deckofcards.App - 5CLUBS    
2022-09-25 23:23:18.334 [main] INFO  com.deckofcards.App - 10DIAMOND    
2022-09-25 23:23:18.334 [main] INFO  com.deckofcards.App - 9CLUBS    
2022-09-25 23:23:18.335 [main] INFO  com.deckofcards.App - 6CLUBS    
2022-09-25 23:23:18.335 [main] INFO  com.deckofcards.App - 4HEARTS    
2022-09-25 23:23:18.337 [main] INFO  com.deckofcards.App - 5SPADES    
2022-09-25 23:23:18.339 [main] INFO  com.deckofcards.App - QSPADES    
2022-09-25 23:23:18.341 [main] INFO  com.deckofcards.App - 

2022-09-25 23:23:18.343 [main] INFO  com.deckofcards.App - Player 2
2022-09-25 23:23:18.345 [main] INFO  com.deckofcards.App - ASPADES    
2022-09-25 23:23:18.349 [main] INFO  com.deckofcards.App - 10SPADES    
2022-09-25 23:23:18.350 [main] INFO  com.deckofcards.App - 10HEARTS    
2022-09-25 23:23:18.352 [main] INFO  com.deckofcards.App - ADIAMOND    
2022-09-25 23:23:18.354 [main] INFO  com.deckofcards.App - 3HEARTS    
2022-09-25 23:23:18.356 [main] INFO  com.deckofcards.App - 3SPADES    
2022-09-25 23:23:18.387 [main] INFO  com.deckofcards.App - QHEARTS    
2022-09-25 23:23:18.390 [main] INFO  com.deckofcards.App - 4SPADES    
2022-09-25 23:23:18.398 [main] INFO  com.deckofcards.App - 3CLUBS    
2022-09-25 23:23:18.403 [main] INFO  com.deckofcards.App - 

2022-09-25 23:23:18.408 [main] INFO  com.deckofcards.App - Player 3
2022-09-25 23:23:18.409 [main] INFO  com.deckofcards.App - 6DIAMOND    
2022-09-25 23:23:18.422 [main] INFO  com.deckofcards.App - 5DIAMOND    
2022-09-25 23:23:18.424 [main] INFO  com.deckofcards.App - 5HEARTS    
2022-09-25 23:23:18.431 [main] INFO  com.deckofcards.App - 4DIAMOND    
2022-09-25 23:23:18.439 [main] INFO  com.deckofcards.App - KHEARTS    
2022-09-25 23:23:18.440 [main] INFO  com.deckofcards.App - KCLUBS    
2022-09-25 23:23:18.441 [main] INFO  com.deckofcards.App - JSPADES    
2022-09-25 23:23:18.441 [main] INFO  com.deckofcards.App - 7DIAMOND    
2022-09-25 23:23:18.442 [main] INFO  com.deckofcards.App - 6HEARTS    
2022-09-25 23:23:18.443 [main] INFO  com.deckofcards.App - 

2022-09-25 23:23:18.445 [main] INFO  com.deckofcards.App - Player 4
2022-09-25 23:23:18.446 [main] INFO  com.deckofcards.App - JHEARTS    
2022-09-25 23:23:18.446 [main] INFO  com.deckofcards.App - 8DIAMOND    
2022-09-25 23:23:18.447 [main] INFO  com.deckofcards.App - ACLUBS    
2022-09-25 23:23:18.448 [main] INFO  com.deckofcards.App - KSPADES    
2022-09-25 23:23:18.449 [main] INFO  com.deckofcards.App - 7SPADES    
2022-09-25 23:23:18.449 [main] INFO  com.deckofcards.App - JDIAMOND    
2022-09-25 23:23:18.455 [main] INFO  com.deckofcards.App - 3DIAMOND    
2022-09-25 23:23:18.455 [main] INFO  com.deckofcards.App - 2SPADES    
2022-09-25 23:23:18.456 [main] INFO  com.deckofcards.App - AHEARTS    
2022-09-25 23:23:18.457 [main] INFO  com.deckofcards.App - 

2022-09-25 23:28:36.796 [main] INFO  com.deckofcards.App - 2CLUBS
2022-09-25 23:28:36.814 [main] INFO  com.deckofcards.App - 3CLUBS
2022-09-25 23:28:36.814 [main] INFO  com.deckofcards.App - 4CLUBS
2022-09-25 23:28:36.815 [main] INFO  com.deckofcards.App - 5CLUBS
2022-09-25 23:28:36.815 [main] INFO  com.deckofcards.App - 6CLUBS
2022-09-25 23:28:36.815 [main] INFO  com.deckofcards.App - 7CLUBS
2022-09-25 23:28:36.815 [main] INFO  com.deckofcards.App - 8CLUBS
2022-09-25 23:28:36.815 [main] INFO  com.deckofcards.App - 9CLUBS
2022-09-25 23:28:36.816 [main] INFO  com.deckofcards.App - 10CLUBS
2022-09-25 23:28:36.816 [main] INFO  com.deckofcards.App - JackCLUBS
2022-09-25 23:28:36.816 [main] INFO  com.deckofcards.App - QueenCLUBS
2022-09-25 23:28:36.816 [main] INFO  com.deckofcards.App - KingCLUBS
2022-09-25 23:28:36.817 [main] INFO  com.deckofcards.App - AceCLUBS
2022-09-25 23:28:36.817 [main] INFO  com.deckofcards.App - 2DIAMOND
2022-09-25 23:28:36.817 [main] INFO  com.deckofcards.App - 3DIAMOND
2022-09-25 23:28:36.818 [main] INFO  com.deckofcards.App - 4DIAMOND
2022-09-25 23:28:36.818 [main] INFO  com.deckofcards.App - 5DIAMOND
2022-09-25 23:28:36.818 [main] INFO  com.deckofcards.App - 6DIAMOND
2022-09-25 23:28:36.818 [main] INFO  com.deckofcards.App - 7DIAMOND
2022-09-25 23:28:36.818 [main] INFO  com.deckofcards.App - 8DIAMOND
2022-09-25 23:28:36.818 [main] INFO  com.deckofcards.App - 9DIAMOND
2022-09-25 23:28:36.819 [main] INFO  com.deckofcards.App - 10DIAMOND
2022-09-25 23:28:36.819 [main] INFO  com.deckofcards.App - JackDIAMOND
2022-09-25 23:28:36.819 [main] INFO  com.deckofcards.App - QueenDIAMOND
2022-09-25 23:28:36.819 [main] INFO  com.deckofcards.App - KingDIAMOND
2022-09-25 23:28:36.819 [main] INFO  com.deckofcards.App - AceDIAMOND
2022-09-25 23:28:36.820 [main] INFO  com.deckofcards.App - 2HEARTS
2022-09-25 23:28:36.820 [main] INFO  com.deckofcards.App - 3HEARTS
2022-09-25 23:28:36.820 [main] INFO  com.deckofcards.App - 4HEARTS
2022-09-25 23:28:36.820 [main] INFO  com.deckofcards.App - 5HEARTS
2022-09-25 23:28:36.821 [main] INFO  com.deckofcards.App - 6HEARTS
2022-09-25 23:28:36.821 [main] INFO  com.deckofcards.App - 7HEARTS
2022-09-25 23:28:36.821 [main] INFO  com.deckofcards.App - 8HEARTS
2022-09-25 23:28:36.821 [main] INFO  com.deckofcards.App - 9HEARTS
2022-09-25 23:28:36.821 [main] INFO  com.deckofcards.App - 10HEARTS
2022-09-25 23:28:36.822 [main] INFO  com.deckofcards.App - JackHEARTS
2022-09-25 23:28:36.822 [main] INFO  com.deckofcards.App - QueenHEARTS
2022-09-25 23:28:36.823 [main] INFO  com.deckofcards.App - KingHEARTS
2022-09-25 23:28:36.823 [main] INFO  com.deckofcards.App - AceHEARTS
2022-09-25 23:28:36.824 [main] INFO  com.deckofcards.App - 2SPADES
2022-09-25 23:28:36.824 [main] INFO  com.deckofcards.App - 3SPADES
2022-09-25 23:28:36.825 [main] INFO  com.deckofcards.App - 4SPADES
2022-09-25 23:28:36.826 [main] INFO  com.deckofcards.App - 5SPADES
2022-09-25 23:28:36.826 [main] INFO  com.deckofcards.App - 6SPADES
2022-09-25 23:28:36.827 [main] INFO  com.deckofcards.App - 7SPADES
2022-09-25 23:28:36.829 [main] INFO  com.deckofcards.App - 8SPADES
2022-09-25 23:28:36.829 [main] INFO  com.deckofcards.App - 9SPADES
2022-09-25 23:28:36.830 [main] INFO  com.deckofcards.App - 10SPADES
2022-09-25 23:28:36.830 [main] INFO  com.deckofcards.App - JackSPADES
2022-09-25 23:28:36.831 [main] INFO  com.deckofcards.App - QueenSPADES
2022-09-25 23:28:36.831 [main] INFO  com.deckofcards.App - KingSPADES
2022-09-25 23:28:36.832 [main] INFO  com.deckofcards.App - AceSPADES
2022-09-25 23:28:36.837 [main] INFO  com.deckofcards.App - Player 1
2022-09-25 23:28:36.837 [main] INFO  com.deckofcards.App - 7DIAMOND    
2022-09-25 23:28:36.838 [main] INFO  com.deckofcards.App - 5DIAMOND    
2022-09-25 23:28:36.839 [main] INFO  com.deckofcards.App - 2CLUBS    
2022-09-25 23:28:36.839 [main] INFO  com.deckofcards.App - 9DIAMOND    
2022-09-25 23:28:36.840 [main] INFO  com.deckofcards.App - 3CLUBS    
2022-09-25 23:28:36.840 [main] INFO  com.deckofcards.App - 10SPADES    
2022-09-25 23:28:36.841 [main] INFO  com.deckofcards.App - AceDIAMOND    
2022-09-25 23:28:36.842 [main] INFO  com.deckofcards.App - 8DIAMOND    
2022-09-25 23:28:36.843 [main] INFO  com.deckofcards.App - 7HEARTS    
2022-09-25 23:28:36.847 [main] INFO  com.deckofcards.App - 

2022-09-25 23:28:36.849 [main] INFO  com.deckofcards.App - Player 2
2022-09-25 23:28:36.850 [main] INFO  com.deckofcards.App - JackCLUBS    
2022-09-25 23:28:36.850 [main] INFO  com.deckofcards.App - 4DIAMOND    
2022-09-25 23:28:36.851 [main] INFO  com.deckofcards.App - 5SPADES    
2022-09-25 23:28:36.852 [main] INFO  com.deckofcards.App - 3SPADES    
2022-09-25 23:28:36.852 [main] INFO  com.deckofcards.App - 4HEARTS    
2022-09-25 23:28:36.853 [main] INFO  com.deckofcards.App - 6SPADES    
2022-09-25 23:28:36.854 [main] INFO  com.deckofcards.App - KingSPADES    
2022-09-25 23:28:36.854 [main] INFO  com.deckofcards.App - 7CLUBS    
2022-09-25 23:28:36.855 [main] INFO  com.deckofcards.App - 3HEARTS    
2022-09-25 23:28:36.855 [main] INFO  com.deckofcards.App - 

2022-09-25 23:28:36.856 [main] INFO  com.deckofcards.App - Player 3
2022-09-25 23:28:36.857 [main] INFO  com.deckofcards.App - 2HEARTS    
2022-09-25 23:28:36.881 [main] INFO  com.deckofcards.App - 5CLUBS    
2022-09-25 23:28:36.886 [main] INFO  com.deckofcards.App - 6HEARTS    
2022-09-25 23:28:36.888 [main] INFO  com.deckofcards.App - 9SPADES    
2022-09-25 23:28:36.891 [main] INFO  com.deckofcards.App - 6CLUBS    
2022-09-25 23:28:36.892 [main] INFO  com.deckofcards.App - 5HEARTS    
2022-09-25 23:28:36.893 [main] INFO  com.deckofcards.App - 10CLUBS    
2022-09-25 23:28:36.918 [main] INFO  com.deckofcards.App - 7SPADES    
2022-09-25 23:28:36.921 [main] INFO  com.deckofcards.App - KingDIAMOND    
2022-09-25 23:28:36.923 [main] INFO  com.deckofcards.App - 

2022-09-25 23:28:36.925 [main] INFO  com.deckofcards.App - Player 4
2022-09-25 23:28:36.931 [main] INFO  com.deckofcards.App - KingHEARTS    
2022-09-25 23:28:36.940 [main] INFO  com.deckofcards.App - QueenSPADES    
2022-09-25 23:28:36.947 [main] INFO  com.deckofcards.App - 4CLUBS    
2022-09-25 23:28:36.948 [main] INFO  com.deckofcards.App - QueenDIAMOND    
2022-09-25 23:28:36.949 [main] INFO  com.deckofcards.App - 4SPADES    
2022-09-25 23:28:36.949 [main] INFO  com.deckofcards.App - 6DIAMOND    
2022-09-25 23:28:36.950 [main] INFO  com.deckofcards.App - 3DIAMOND    
2022-09-25 23:28:36.951 [main] INFO  com.deckofcards.App - AceHEARTS    
2022-09-25 23:28:36.952 [main] INFO  com.deckofcards.App - 8HEARTS    
2022-09-25 23:28:36.952 [main] INFO  com.deckofcards.App - 

2022-09-25 23:30:00.215 [main] INFO  com.deckofcards.App - 2CLUBS
2022-09-25 23:30:00.218 [main] INFO  com.deckofcards.App - 3CLUBS
2022-09-25 23:30:00.219 [main] INFO  com.deckofcards.App - 4CLUBS
2022-09-25 23:30:00.220 [main] INFO  com.deckofcards.App - 5CLUBS
2022-09-25 23:30:00.220 [main] INFO  com.deckofcards.App - 6CLUBS
2022-09-25 23:30:00.221 [main] INFO  com.deckofcards.App - 7CLUBS
2022-09-25 23:30:00.221 [main] INFO  com.deckofcards.App - 8CLUBS
2022-09-25 23:30:00.222 [main] INFO  com.deckofcards.App - 9CLUBS
2022-09-25 23:30:00.223 [main] INFO  com.deckofcards.App - 10CLUBS
2022-09-25 23:30:00.223 [main] INFO  com.deckofcards.App - JackCLUBS
2022-09-25 23:30:00.224 [main] INFO  com.deckofcards.App - QueenCLUBS
2022-09-25 23:30:00.224 [main] INFO  com.deckofcards.App - KingCLUBS
2022-09-25 23:30:00.225 [main] INFO  com.deckofcards.App - AceCLUBS
2022-09-25 23:30:00.226 [main] INFO  com.deckofcards.App - 2DIAMOND
2022-09-25 23:30:00.227 [main] INFO  com.deckofcards.App - 3DIAMOND
2022-09-25 23:30:00.227 [main] INFO  com.deckofcards.App - 4DIAMOND
2022-09-25 23:30:00.228 [main] INFO  com.deckofcards.App - 5DIAMOND
2022-09-25 23:30:00.229 [main] INFO  com.deckofcards.App - 6DIAMOND
2022-09-25 23:30:00.231 [main] INFO  com.deckofcards.App - 7DIAMOND
2022-09-25 23:30:00.233 [main] INFO  com.deckofcards.App - 8DIAMOND
2022-09-25 23:30:00.234 [main] INFO  com.deckofcards.App - 9DIAMOND
2022-09-25 23:30:00.235 [main] INFO  com.deckofcards.App - 10DIAMOND
2022-09-25 23:30:00.236 [main] INFO  com.deckofcards.App - JackDIAMOND
2022-09-25 23:30:00.237 [main] INFO  com.deckofcards.App - QueenDIAMOND
2022-09-25 23:30:00.237 [main] INFO  com.deckofcards.App - KingDIAMOND
2022-09-25 23:30:00.238 [main] INFO  com.deckofcards.App - AceDIAMOND
2022-09-25 23:30:00.242 [main] INFO  com.deckofcards.App - 2HEARTS
2022-09-25 23:30:00.244 [main] INFO  com.deckofcards.App - 3HEARTS
2022-09-25 23:30:00.244 [main] INFO  com.deckofcards.App - 4HEARTS
2022-09-25 23:30:00.245 [main] INFO  com.deckofcards.App - 5HEARTS
2022-09-25 23:30:00.246 [main] INFO  com.deckofcards.App - 6HEARTS
2022-09-25 23:30:00.246 [main] INFO  com.deckofcards.App - 7HEARTS
2022-09-25 23:30:00.247 [main] INFO  com.deckofcards.App - 8HEARTS
2022-09-25 23:30:00.248 [main] INFO  com.deckofcards.App - 9HEARTS
2022-09-25 23:30:00.249 [main] INFO  com.deckofcards.App - 10HEARTS
2022-09-25 23:30:00.252 [main] INFO  com.deckofcards.App - JackHEARTS
2022-09-25 23:30:00.254 [main] INFO  com.deckofcards.App - QueenHEARTS
2022-09-25 23:30:00.255 [main] INFO  com.deckofcards.App - KingHEARTS
2022-09-25 23:30:00.257 [main] INFO  com.deckofcards.App - AceHEARTS
2022-09-25 23:30:00.258 [main] INFO  com.deckofcards.App - 2SPADES
2022-09-25 23:30:00.262 [main] INFO  com.deckofcards.App - 3SPADES
2022-09-25 23:30:00.263 [main] INFO  com.deckofcards.App - 4SPADES
2022-09-25 23:30:00.264 [main] INFO  com.deckofcards.App - 5SPADES
2022-09-25 23:30:00.264 [main] INFO  com.deckofcards.App - 6SPADES
2022-09-25 23:30:00.265 [main] INFO  com.deckofcards.App - 7SPADES
2022-09-25 23:30:00.266 [main] INFO  com.deckofcards.App - 8SPADES
2022-09-25 23:30:00.266 [main] INFO  com.deckofcards.App - 9SPADES
2022-09-25 23:30:00.267 [main] INFO  com.deckofcards.App - 10SPADES
2022-09-25 23:30:00.268 [main] INFO  com.deckofcards.App - JackSPADES
2022-09-25 23:30:00.268 [main] INFO  com.deckofcards.App - QueenSPADES
2022-09-25 23:30:00.269 [main] INFO  com.deckofcards.App - KingSPADES
2022-09-25 23:30:00.270 [main] INFO  com.deckofcards.App - AceSPADES
2022-09-25 23:30:00.271 [main] INFO  com.deckofcards.App - Player 1
2022-09-25 23:30:00.272 [main] INFO  com.deckofcards.App - 6SPADES    
2022-09-25 23:30:00.274 [main] INFO  com.deckofcards.App - 4CLUBS    
2022-09-25 23:30:00.275 [main] INFO  com.deckofcards.App - 4DIAMOND    
2022-09-25 23:30:00.281 [main] INFO  com.deckofcards.App - 6DIAMOND    
2022-09-25 23:30:00.283 [main] INFO  com.deckofcards.App - 2CLUBS    
2022-09-25 23:30:00.284 [main] INFO  com.deckofcards.App - 3DIAMOND    
2022-09-25 23:30:00.285 [main] INFO  com.deckofcards.App - 5DIAMOND    
2022-09-25 23:30:00.285 [main] INFO  com.deckofcards.App - KingDIAMOND    
2022-09-25 23:30:00.286 [main] INFO  com.deckofcards.App - 10DIAMOND    
2022-09-25 23:30:00.287 [main] INFO  com.deckofcards.App - 

2022-09-25 23:30:00.288 [main] INFO  com.deckofcards.App - Player 2
2022-09-25 23:30:00.289 [main] INFO  com.deckofcards.App - 2DIAMOND    
2022-09-25 23:30:00.289 [main] INFO  com.deckofcards.App - 9DIAMOND    
2022-09-25 23:30:00.290 [main] INFO  com.deckofcards.App - 8HEARTS    
2022-09-25 23:30:00.290 [main] INFO  com.deckofcards.App - 3CLUBS    
2022-09-25 23:30:00.291 [main] INFO  com.deckofcards.App - AceSPADES    
2022-09-25 23:30:00.295 [main] INFO  com.deckofcards.App - 8SPADES    
2022-09-25 23:30:00.296 [main] INFO  com.deckofcards.App - 5SPADES    
2022-09-25 23:30:00.296 [main] INFO  com.deckofcards.App - 2SPADES    
2022-09-25 23:30:00.297 [main] INFO  com.deckofcards.App - KingSPADES    
2022-09-25 23:30:00.297 [main] INFO  com.deckofcards.App - 

2022-09-25 23:30:00.298 [main] INFO  com.deckofcards.App - Player 3
2022-09-25 23:30:00.299 [main] INFO  com.deckofcards.App - QueenCLUBS    
2022-09-25 23:30:00.299 [main] INFO  com.deckofcards.App - 4SPADES    
2022-09-25 23:30:00.300 [main] INFO  com.deckofcards.App - 4HEARTS    
2022-09-25 23:30:00.302 [main] INFO  com.deckofcards.App - 6HEARTS    
2022-09-25 23:30:00.305 [main] INFO  com.deckofcards.App - 9CLUBS    
2022-09-25 23:30:00.307 [main] INFO  com.deckofcards.App - 10CLUBS    
2022-09-25 23:30:00.308 [main] INFO  com.deckofcards.App - JackSPADES    
2022-09-25 23:30:00.308 [main] INFO  com.deckofcards.App - 10HEARTS    
2022-09-25 23:30:00.309 [main] INFO  com.deckofcards.App - 7HEARTS    
2022-09-25 23:30:00.310 [main] INFO  com.deckofcards.App - 

2022-09-25 23:30:00.311 [main] INFO  com.deckofcards.App - Player 4
2022-09-25 23:30:00.312 [main] INFO  com.deckofcards.App - QueenSPADES    
2022-09-25 23:30:00.313 [main] INFO  com.deckofcards.App - AceHEARTS    
2022-09-25 23:30:00.316 [main] INFO  com.deckofcards.App - 2HEARTS    
2022-09-25 23:30:00.317 [main] INFO  com.deckofcards.App - 9SPADES    
2022-09-25 23:30:00.317 [main] INFO  com.deckofcards.App - AceDIAMOND    
2022-09-25 23:30:00.318 [main] INFO  com.deckofcards.App - KingHEARTS    
2022-09-25 23:30:00.319 [main] INFO  com.deckofcards.App - QueenHEARTS    
2022-09-25 23:30:00.319 [main] INFO  com.deckofcards.App - 6CLUBS    
2022-09-25 23:30:00.320 [main] INFO  com.deckofcards.App - 5HEARTS    
2022-09-25 23:30:00.321 [main] INFO  com.deckofcards.App - 

2022-09-25 23:31:42.154 [main] INFO  com.deckofcards.App - 2CLUBS
2022-09-25 23:31:42.167 [main] INFO  com.deckofcards.App - 3CLUBS
2022-09-25 23:31:42.167 [main] INFO  com.deckofcards.App - 4CLUBS
2022-09-25 23:31:42.169 [main] INFO  com.deckofcards.App - 5CLUBS
2022-09-25 23:31:42.170 [main] INFO  com.deckofcards.App - 6CLUBS
2022-09-25 23:31:42.171 [main] INFO  com.deckofcards.App - 7CLUBS
2022-09-25 23:31:42.172 [main] INFO  com.deckofcards.App - 8CLUBS
2022-09-25 23:31:42.173 [main] INFO  com.deckofcards.App - 9CLUBS
2022-09-25 23:31:42.173 [main] INFO  com.deckofcards.App - 10CLUBS
2022-09-25 23:31:42.174 [main] INFO  com.deckofcards.App - JackCLUBS
2022-09-25 23:31:42.177 [main] INFO  com.deckofcards.App - QueenCLUBS
2022-09-25 23:31:42.180 [main] INFO  com.deckofcards.App - KingCLUBS
2022-09-25 23:31:42.181 [main] INFO  com.deckofcards.App - AceCLUBS
2022-09-25 23:31:42.182 [main] INFO  com.deckofcards.App - 2DIAMOND
2022-09-25 23:31:42.183 [main] INFO  com.deckofcards.App - 3DIAMOND
2022-09-25 23:31:42.184 [main] INFO  com.deckofcards.App - 4DIAMOND
2022-09-25 23:31:42.185 [main] INFO  com.deckofcards.App - 5DIAMOND
2022-09-25 23:31:42.185 [main] INFO  com.deckofcards.App - 6DIAMOND
2022-09-25 23:31:42.186 [main] INFO  com.deckofcards.App - 7DIAMOND
2022-09-25 23:31:42.187 [main] INFO  com.deckofcards.App - 8DIAMOND
2022-09-25 23:31:42.190 [main] INFO  com.deckofcards.App - 9DIAMOND
2022-09-25 23:31:42.191 [main] INFO  com.deckofcards.App - 10DIAMOND
2022-09-25 23:31:42.192 [main] INFO  com.deckofcards.App - JackDIAMOND
2022-09-25 23:31:42.192 [main] INFO  com.deckofcards.App - QueenDIAMOND
2022-09-25 23:31:42.193 [main] INFO  com.deckofcards.App - KingDIAMOND
2022-09-25 23:31:42.194 [main] INFO  com.deckofcards.App - AceDIAMOND
2022-09-25 23:31:42.198 [main] INFO  com.deckofcards.App - 2HEARTS
2022-09-25 23:31:42.199 [main] INFO  com.deckofcards.App - 3HEARTS
2022-09-25 23:31:42.200 [main] INFO  com.deckofcards.App - 4HEARTS
2022-09-25 23:31:42.201 [main] INFO  com.deckofcards.App - 5HEARTS
2022-09-25 23:31:42.202 [main] INFO  com.deckofcards.App - 6HEARTS
2022-09-25 23:31:42.202 [main] INFO  com.deckofcards.App - 7HEARTS
2022-09-25 23:31:42.203 [main] INFO  com.deckofcards.App - 8HEARTS
2022-09-25 23:31:42.204 [main] INFO  com.deckofcards.App - 9HEARTS
2022-09-25 23:31:42.206 [main] INFO  com.deckofcards.App - 10HEARTS
2022-09-25 23:31:42.207 [main] INFO  com.deckofcards.App - JackHEARTS
2022-09-25 23:31:42.208 [main] INFO  com.deckofcards.App - QueenHEARTS
2022-09-25 23:31:42.209 [main] INFO  com.deckofcards.App - KingHEARTS
2022-09-25 23:31:42.209 [main] INFO  com.deckofcards.App - AceHEARTS
2022-09-25 23:31:42.210 [main] INFO  com.deckofcards.App - 2SPADES
2022-09-25 23:31:42.210 [main] INFO  com.deckofcards.App - 3SPADES
2022-09-25 23:31:42.211 [main] INFO  com.deckofcards.App - 4SPADES
2022-09-25 23:31:42.212 [main] INFO  com.deckofcards.App - 5SPADES
2022-09-25 23:31:42.212 [main] INFO  com.deckofcards.App - 6SPADES
2022-09-25 23:31:42.214 [main] INFO  com.deckofcards.App - 7SPADES
2022-09-25 23:31:42.214 [main] INFO  com.deckofcards.App - 8SPADES
2022-09-25 23:31:42.216 [main] INFO  com.deckofcards.App - 9SPADES
2022-09-25 23:31:42.216 [main] INFO  com.deckofcards.App - 10SPADES
2022-09-25 23:31:42.217 [main] INFO  com.deckofcards.App - JackSPADES
2022-09-25 23:31:42.218 [main] INFO  com.deckofcards.App - QueenSPADES
2022-09-25 23:31:42.219 [main] INFO  com.deckofcards.App - KingSPADES
2022-09-25 23:31:42.219 [main] INFO  com.deckofcards.App - AceSPADES
2022-09-25 23:31:42.222 [main] INFO  com.deckofcards.App - Player 1
2022-09-25 23:31:42.223 [main] INFO  com.deckofcards.App - 2HEARTS    
2022-09-25 23:31:42.224 [main] INFO  com.deckofcards.App - JackCLUBS    
2022-09-25 23:31:42.224 [main] INFO  com.deckofcards.App - JackHEARTS    
2022-09-25 23:31:42.225 [main] INFO  com.deckofcards.App - JackSPADES    
2022-09-25 23:31:42.226 [main] INFO  com.deckofcards.App - KingDIAMOND    
2022-09-25 23:31:42.226 [main] INFO  com.deckofcards.App - 7SPADES    
2022-09-25 23:31:42.228 [main] INFO  com.deckofcards.App - AceDIAMOND    
2022-09-25 23:31:42.229 [main] INFO  com.deckofcards.App - 6DIAMOND    
2022-09-25 23:31:42.230 [main] INFO  com.deckofcards.App - 10SPADES    
2022-09-25 23:31:42.231 [main] INFO  com.deckofcards.App - 

2022-09-25 23:31:42.232 [main] INFO  com.deckofcards.App - Player 2
2022-09-25 23:31:42.233 [main] INFO  com.deckofcards.App - 4CLUBS    
2022-09-25 23:31:42.234 [main] INFO  com.deckofcards.App - 8DIAMOND    
2022-09-25 23:31:42.235 [main] INFO  com.deckofcards.App - 4HEARTS    
2022-09-25 23:31:42.235 [main] INFO  com.deckofcards.App - QueenSPADES    
2022-09-25 23:31:42.237 [main] INFO  com.deckofcards.App - 8HEARTS    
2022-09-25 23:31:42.238 [main] INFO  com.deckofcards.App - 5CLUBS    
2022-09-25 23:31:42.239 [main] INFO  com.deckofcards.App - AceHEARTS    
2022-09-25 23:31:42.240 [main] INFO  com.deckofcards.App - KingCLUBS    
2022-09-25 23:31:42.240 [main] INFO  com.deckofcards.App - 3CLUBS    
2022-09-25 23:31:42.241 [main] INFO  com.deckofcards.App - 

2022-09-25 23:31:42.242 [main] INFO  com.deckofcards.App - Player 3
2022-09-25 23:31:42.242 [main] INFO  com.deckofcards.App - 10DIAMOND    
2022-09-25 23:31:42.243 [main] INFO  com.deckofcards.App - JackDIAMOND    
2022-09-25 23:31:42.244 [main] INFO  com.deckofcards.App - 4SPADES    
2022-09-25 23:31:42.245 [main] INFO  com.deckofcards.App - 7HEARTS    
2022-09-25 23:31:42.246 [main] INFO  com.deckofcards.App - 2CLUBS    
2022-09-25 23:31:42.247 [main] INFO  com.deckofcards.App - 10CLUBS    
2022-09-25 23:31:42.248 [main] INFO  com.deckofcards.App - QueenCLUBS    
2022-09-25 23:31:42.248 [main] INFO  com.deckofcards.App - KingSPADES    
2022-09-25 23:31:42.249 [main] INFO  com.deckofcards.App - 6CLUBS    
2022-09-25 23:31:42.249 [main] INFO  com.deckofcards.App - 

2022-09-25 23:31:42.251 [main] INFO  com.deckofcards.App - Player 4
2022-09-25 23:31:42.252 [main] INFO  com.deckofcards.App - 6HEARTS    
2022-09-25 23:31:42.254 [main] INFO  com.deckofcards.App - 8SPADES    
2022-09-25 23:31:42.256 [main] INFO  com.deckofcards.App - 9HEARTS    
2022-09-25 23:31:42.257 [main] INFO  com.deckofcards.App - 5HEARTS    
2022-09-25 23:31:42.258 [main] INFO  com.deckofcards.App - 2SPADES    
2022-09-25 23:31:42.259 [main] INFO  com.deckofcards.App - 10HEARTS    
2022-09-25 23:31:42.260 [main] INFO  com.deckofcards.App - 7CLUBS    
2022-09-25 23:31:42.260 [main] INFO  com.deckofcards.App - QueenHEARTS    
2022-09-25 23:31:42.261 [main] INFO  com.deckofcards.App - 4DIAMOND    
2022-09-25 23:31:42.263 [main] INFO  com.deckofcards.App - 

2022-09-25 23:31:46.245 [main] INFO  com.deckofcards.App - 2CLUBS
2022-09-25 23:31:46.250 [main] INFO  com.deckofcards.App - 3CLUBS
2022-09-25 23:31:46.251 [main] INFO  com.deckofcards.App - 4CLUBS
2022-09-25 23:31:46.252 [main] INFO  com.deckofcards.App - 5CLUBS
2022-09-25 23:31:46.252 [main] INFO  com.deckofcards.App - 6CLUBS
2022-09-25 23:31:46.252 [main] INFO  com.deckofcards.App - 7CLUBS
2022-09-25 23:31:46.253 [main] INFO  com.deckofcards.App - 8CLUBS
2022-09-25 23:31:46.254 [main] INFO  com.deckofcards.App - 9CLUBS
2022-09-25 23:31:46.254 [main] INFO  com.deckofcards.App - 10CLUBS
2022-09-25 23:31:46.254 [main] INFO  com.deckofcards.App - JackCLUBS
2022-09-25 23:31:46.255 [main] INFO  com.deckofcards.App - QueenCLUBS
2022-09-25 23:31:46.256 [main] INFO  com.deckofcards.App - KingCLUBS
2022-09-25 23:31:46.257 [main] INFO  com.deckofcards.App - AceCLUBS
2022-09-25 23:31:46.260 [main] INFO  com.deckofcards.App - 2DIAMOND
2022-09-25 23:31:46.262 [main] INFO  com.deckofcards.App - 3DIAMOND
2022-09-25 23:31:46.263 [main] INFO  com.deckofcards.App - 4DIAMOND
2022-09-25 23:31:46.263 [main] INFO  com.deckofcards.App - 5DIAMOND
2022-09-25 23:31:46.264 [main] INFO  com.deckofcards.App - 6DIAMOND
2022-09-25 23:31:46.265 [main] INFO  com.deckofcards.App - 7DIAMOND
2022-09-25 23:31:46.265 [main] INFO  com.deckofcards.App - 8DIAMOND
2022-09-25 23:31:46.271 [main] INFO  com.deckofcards.App - 9DIAMOND
2022-09-25 23:31:46.275 [main] INFO  com.deckofcards.App - 10DIAMOND
2022-09-25 23:31:46.276 [main] INFO  com.deckofcards.App - JackDIAMOND
2022-09-25 23:31:46.276 [main] INFO  com.deckofcards.App - QueenDIAMOND
2022-09-25 23:31:46.277 [main] INFO  com.deckofcards.App - KingDIAMOND
2022-09-25 23:31:46.277 [main] INFO  com.deckofcards.App - AceDIAMOND
2022-09-25 23:31:46.278 [main] INFO  com.deckofcards.App - 2HEARTS
2022-09-25 23:31:46.278 [main] INFO  com.deckofcards.App - 3HEARTS
2022-09-25 23:31:46.278 [main] INFO  com.deckofcards.App - 4HEARTS
2022-09-25 23:31:46.279 [main] INFO  com.deckofcards.App - 5HEARTS
2022-09-25 23:31:46.280 [main] INFO  com.deckofcards.App - 6HEARTS
2022-09-25 23:31:46.281 [main] INFO  com.deckofcards.App - 7HEARTS
2022-09-25 23:31:46.281 [main] INFO  com.deckofcards.App - 8HEARTS
2022-09-25 23:31:46.282 [main] INFO  com.deckofcards.App - 9HEARTS
2022-09-25 23:31:46.284 [main] INFO  com.deckofcards.App - 10HEARTS
2022-09-25 23:31:46.285 [main] INFO  com.deckofcards.App - JackHEARTS
2022-09-25 23:31:46.290 [main] INFO  com.deckofcards.App - QueenHEARTS
2022-09-25 23:31:46.293 [main] INFO  com.deckofcards.App - KingHEARTS
2022-09-25 23:31:46.297 [main] INFO  com.deckofcards.App - AceHEARTS
2022-09-25 23:31:46.298 [main] INFO  com.deckofcards.App - 2SPADES
2022-09-25 23:31:46.299 [main] INFO  com.deckofcards.App - 3SPADES
2022-09-25 23:31:46.301 [main] INFO  com.deckofcards.App - 4SPADES
2022-09-25 23:31:46.310 [main] INFO  com.deckofcards.App - 5SPADES
2022-09-25 23:31:46.312 [main] INFO  com.deckofcards.App - 6SPADES
2022-09-25 23:31:46.313 [main] INFO  com.deckofcards.App - 7SPADES
2022-09-25 23:31:46.315 [main] INFO  com.deckofcards.App - 8SPADES
2022-09-25 23:31:46.317 [main] INFO  com.deckofcards.App - 9SPADES
2022-09-25 23:31:46.318 [main] INFO  com.deckofcards.App - 10SPADES
2022-09-25 23:31:46.319 [main] INFO  com.deckofcards.App - JackSPADES
2022-09-25 23:31:46.321 [main] INFO  com.deckofcards.App - QueenSPADES
2022-09-25 23:31:46.323 [main] INFO  com.deckofcards.App - KingSPADES
2022-09-25 23:31:46.324 [main] INFO  com.deckofcards.App - AceSPADES
2022-09-25 23:31:46.326 [main] INFO  com.deckofcards.App - Player 1
2022-09-25 23:31:46.341 [main] INFO  com.deckofcards.App - 5HEARTS    
2022-09-25 23:31:46.343 [main] INFO  com.deckofcards.App - 8CLUBS    
2022-09-25 23:31:46.345 [main] INFO  com.deckofcards.App - KingSPADES    
2022-09-25 23:31:46.346 [main] INFO  com.deckofcards.App - JackDIAMOND    
2022-09-25 23:31:46.347 [main] INFO  com.deckofcards.App - 2DIAMOND    
2022-09-25 23:31:46.349 [main] INFO  com.deckofcards.App - AceSPADES    
2022-09-25 23:31:46.355 [main] INFO  com.deckofcards.App - 6SPADES    
2022-09-25 23:31:46.356 [main] INFO  com.deckofcards.App - KingDIAMOND    
2022-09-25 23:31:46.358 [main] INFO  com.deckofcards.App - 3CLUBS    
2022-09-25 23:31:46.359 [main] INFO  com.deckofcards.App - 

2022-09-25 23:31:46.366 [main] INFO  com.deckofcards.App - Player 2
2022-09-25 23:31:46.367 [main] INFO  com.deckofcards.App - AceCLUBS    
2022-09-25 23:31:46.369 [main] INFO  com.deckofcards.App - 8HEARTS    
2022-09-25 23:31:46.372 [main] INFO  com.deckofcards.App - AceHEARTS    
2022-09-25 23:31:46.373 [main] INFO  com.deckofcards.App - 2CLUBS    
2022-09-25 23:31:46.374 [main] INFO  com.deckofcards.App - QueenCLUBS    
2022-09-25 23:31:46.374 [main] INFO  com.deckofcards.App - 9DIAMOND    
2022-09-25 23:31:46.375 [main] INFO  com.deckofcards.App - 3SPADES    
2022-09-25 23:31:46.375 [main] INFO  com.deckofcards.App - KingCLUBS    
2022-09-25 23:31:46.376 [main] INFO  com.deckofcards.App - 10CLUBS    
2022-09-25 23:31:46.376 [main] INFO  com.deckofcards.App - 

2022-09-25 23:31:46.377 [main] INFO  com.deckofcards.App - Player 3
2022-09-25 23:31:46.379 [main] INFO  com.deckofcards.App - QueenDIAMOND    
2022-09-25 23:31:46.379 [main] INFO  com.deckofcards.App - 8SPADES    
2022-09-25 23:31:46.380 [main] INFO  com.deckofcards.App - 5DIAMOND    
2022-09-25 23:31:46.380 [main] INFO  com.deckofcards.App - 5SPADES    
2022-09-25 23:31:46.381 [main] INFO  com.deckofcards.App - 7CLUBS    
2022-09-25 23:31:46.381 [main] INFO  com.deckofcards.App - 10HEARTS    
2022-09-25 23:31:46.382 [main] INFO  com.deckofcards.App - 9SPADES    
2022-09-25 23:31:46.382 [main] INFO  com.deckofcards.App - KingHEARTS    
2022-09-25 23:31:46.383 [main] INFO  com.deckofcards.App - 7SPADES    
2022-09-25 23:31:46.384 [main] INFO  com.deckofcards.App - 

2022-09-25 23:31:46.385 [main] INFO  com.deckofcards.App - Player 4
2022-09-25 23:31:46.387 [main] INFO  com.deckofcards.App - 6DIAMOND    
2022-09-25 23:31:46.389 [main] INFO  com.deckofcards.App - AceDIAMOND    
2022-09-25 23:31:46.390 [main] INFO  com.deckofcards.App - 5CLUBS    
2022-09-25 23:31:46.391 [main] INFO  com.deckofcards.App - 2SPADES    
2022-09-25 23:31:46.391 [main] INFO  com.deckofcards.App - JackCLUBS    
2022-09-25 23:31:46.392 [main] INFO  com.deckofcards.App - 9HEARTS    
2022-09-25 23:31:46.393 [main] INFO  com.deckofcards.App - 4SPADES    
2022-09-25 23:31:46.394 [main] INFO  com.deckofcards.App - QueenSPADES    
2022-09-25 23:31:46.394 [main] INFO  com.deckofcards.App - 4DIAMOND    
2022-09-25 23:31:46.395 [main] INFO  com.deckofcards.App - 

2022-09-25 23:58:42.700 [main] INFO  com.deckofcards.App - 2CLUBS
2022-09-25 23:58:42.700 [main] INFO  com.deckofcards.App - 3CLUBS
2022-09-25 23:58:42.700 [main] INFO  com.deckofcards.App - 4CLUBS
2022-09-25 23:58:42.713 [main] INFO  com.deckofcards.App - 5CLUBS
2022-09-25 23:58:42.713 [main] INFO  com.deckofcards.App - 6CLUBS
2022-09-25 23:58:42.713 [main] INFO  com.deckofcards.App - 7CLUBS
2022-09-25 23:58:42.713 [main] INFO  com.deckofcards.App - 8CLUBS
2022-09-25 23:58:42.714 [main] INFO  com.deckofcards.App - 9CLUBS
2022-09-25 23:58:42.714 [main] INFO  com.deckofcards.App - 10CLUBS
2022-09-25 23:58:42.714 [main] INFO  com.deckofcards.App - JackCLUBS
2022-09-25 23:58:42.714 [main] INFO  com.deckofcards.App - QueenCLUBS
2022-09-25 23:58:42.714 [main] INFO  com.deckofcards.App - KingCLUBS
2022-09-25 23:58:42.715 [main] INFO  com.deckofcards.App - AceCLUBS
2022-09-25 23:58:42.715 [main] INFO  com.deckofcards.App - 2DIAMOND
2022-09-25 23:58:42.716 [main] INFO  com.deckofcards.App - 3DIAMOND
2022-09-25 23:58:42.716 [main] INFO  com.deckofcards.App - 4DIAMOND
2022-09-25 23:58:42.716 [main] INFO  com.deckofcards.App - 5DIAMOND
2022-09-25 23:58:42.717 [main] INFO  com.deckofcards.App - 6DIAMOND
2022-09-25 23:58:42.717 [main] INFO  com.deckofcards.App - 7DIAMOND
2022-09-25 23:58:42.717 [main] INFO  com.deckofcards.App - 8DIAMOND
2022-09-25 23:58:42.718 [main] INFO  com.deckofcards.App - 9DIAMOND
2022-09-25 23:58:42.718 [main] INFO  com.deckofcards.App - 10DIAMOND
2022-09-25 23:58:42.718 [main] INFO  com.deckofcards.App - JackDIAMOND
2022-09-25 23:58:42.718 [main] INFO  com.deckofcards.App - QueenDIAMOND
2022-09-25 23:58:42.719 [main] INFO  com.deckofcards.App - KingDIAMOND
2022-09-25 23:58:42.719 [main] INFO  com.deckofcards.App - AceDIAMOND
2022-09-25 23:58:42.720 [main] INFO  com.deckofcards.App - 2HEARTS
2022-09-25 23:58:42.720 [main] INFO  com.deckofcards.App - 3HEARTS
2022-09-25 23:58:42.721 [main] INFO  com.deckofcards.App - 4HEARTS
2022-09-25 23:58:42.722 [main] INFO  com.deckofcards.App - 5HEARTS
2022-09-25 23:58:42.724 [main] INFO  com.deckofcards.App - 6HEARTS
2022-09-25 23:58:42.726 [main] INFO  com.deckofcards.App - 7HEARTS
2022-09-25 23:58:42.727 [main] INFO  com.deckofcards.App - 8HEARTS
2022-09-25 23:58:42.727 [main] INFO  com.deckofcards.App - 9HEARTS
2022-09-25 23:58:42.728 [main] INFO  com.deckofcards.App - 10HEARTS
2022-09-25 23:58:42.729 [main] INFO  com.deckofcards.App - JackHEARTS
2022-09-25 23:58:42.731 [main] INFO  com.deckofcards.App - QueenHEARTS
2022-09-25 23:58:42.732 [main] INFO  com.deckofcards.App - KingHEARTS
2022-09-25 23:58:42.734 [main] INFO  com.deckofcards.App - AceHEARTS
2022-09-25 23:58:42.734 [main] INFO  com.deckofcards.App - 2SPADES
2022-09-25 23:58:42.735 [main] INFO  com.deckofcards.App - 3SPADES
2022-09-25 23:58:42.736 [main] INFO  com.deckofcards.App - 4SPADES
2022-09-25 23:58:42.737 [main] INFO  com.deckofcards.App - 5SPADES
2022-09-25 23:58:42.737 [main] INFO  com.deckofcards.App - 6SPADES
2022-09-25 23:58:42.738 [main] INFO  com.deckofcards.App - 7SPADES
2022-09-25 23:58:42.738 [main] INFO  com.deckofcards.App - 8SPADES
2022-09-25 23:58:42.739 [main] INFO  com.deckofcards.App - 9SPADES
2022-09-25 23:58:42.740 [main] INFO  com.deckofcards.App - 10SPADES
2022-09-25 23:58:42.740 [main] INFO  com.deckofcards.App - JackSPADES
2022-09-25 23:58:42.741 [main] INFO  com.deckofcards.App - QueenSPADES
2022-09-25 23:58:42.741 [main] INFO  com.deckofcards.App - KingSPADES
2022-09-25 23:58:42.742 [main] INFO  com.deckofcards.App - AceSPADES
2022-09-25 23:58:42.743 [main] INFO  com.deckofcards.App - Player 1
2022-09-25 23:58:42.744 [main] INFO  com.deckofcards.App - JackCLUBS    
2022-09-25 23:58:42.744 [main] INFO  com.deckofcards.App - 10DIAMOND    
2022-09-25 23:58:42.745 [main] INFO  com.deckofcards.App - 3DIAMOND    
2022-09-25 23:58:42.747 [main] INFO  com.deckofcards.App - 2DIAMOND    
2022-09-25 23:58:42.748 [main] INFO  com.deckofcards.App - 6HEARTS    
2022-09-25 23:58:42.749 [main] INFO  com.deckofcards.App - 5HEARTS    
2022-09-25 23:58:42.750 [main] INFO  com.deckofcards.App - JackHEARTS    
2022-09-25 23:58:42.751 [main] INFO  com.deckofcards.App - 8SPADES    
2022-09-25 23:58:42.752 [main] INFO  com.deckofcards.App - 8CLUBS    
2022-09-25 23:58:42.753 [main] INFO  com.deckofcards.App - 

2022-09-25 23:58:42.754 [main] INFO  com.deckofcards.App - Player 2
2022-09-25 23:58:42.756 [main] INFO  com.deckofcards.App - JackDIAMOND    
2022-09-25 23:58:42.756 [main] INFO  com.deckofcards.App - 2SPADES    
2022-09-25 23:58:42.757 [main] INFO  com.deckofcards.App - 3SPADES    
2022-09-25 23:58:42.758 [main] INFO  com.deckofcards.App - QueenSPADES    
2022-09-25 23:58:42.758 [main] INFO  com.deckofcards.App - AceSPADES    
2022-09-25 23:58:42.761 [main] INFO  com.deckofcards.App - 4HEARTS    
2022-09-25 23:58:42.762 [main] INFO  com.deckofcards.App - AceCLUBS    
2022-09-25 23:58:42.763 [main] INFO  com.deckofcards.App - 7HEARTS    
2022-09-25 23:58:42.764 [main] INFO  com.deckofcards.App - 2HEARTS    
2022-09-25 23:58:42.764 [main] INFO  com.deckofcards.App - 

2022-09-25 23:58:42.765 [main] INFO  com.deckofcards.App - Player 3
2022-09-25 23:58:42.766 [main] INFO  com.deckofcards.App - QueenCLUBS    
2022-09-25 23:58:42.766 [main] INFO  com.deckofcards.App - 9CLUBS    
2022-09-25 23:58:42.767 [main] INFO  com.deckofcards.App - 8DIAMOND    
2022-09-25 23:58:42.768 [main] INFO  com.deckofcards.App - 4SPADES    
2022-09-25 23:58:42.768 [main] INFO  com.deckofcards.App - QueenHEARTS    
2022-09-25 23:58:42.769 [main] INFO  com.deckofcards.App - 7CLUBS    
2022-09-25 23:58:42.770 [main] INFO  com.deckofcards.App - 6SPADES    
2022-09-25 23:58:42.770 [main] INFO  com.deckofcards.App - KingDIAMOND    
2022-09-25 23:58:42.772 [main] INFO  com.deckofcards.App - JackSPADES    
2022-09-25 23:58:42.774 [main] INFO  com.deckofcards.App - 

2022-09-25 23:58:42.782 [main] INFO  com.deckofcards.App - Player 4
2022-09-25 23:58:42.784 [main] INFO  com.deckofcards.App - 5DIAMOND    
2022-09-25 23:58:42.785 [main] INFO  com.deckofcards.App - 7SPADES    
2022-09-25 23:58:42.785 [main] INFO  com.deckofcards.App - 4DIAMOND    
2022-09-25 23:58:42.786 [main] INFO  com.deckofcards.App - 2CLUBS    
2022-09-25 23:58:42.787 [main] INFO  com.deckofcards.App - 5SPADES    
2022-09-25 23:58:42.787 [main] INFO  com.deckofcards.App - 7DIAMOND    
2022-09-25 23:58:42.792 [main] INFO  com.deckofcards.App - KingSPADES    
2022-09-25 23:58:42.792 [main] INFO  com.deckofcards.App - KingCLUBS    
2022-09-25 23:58:42.794 [main] INFO  com.deckofcards.App - 6DIAMOND    
2022-09-25 23:58:42.794 [main] INFO  com.deckofcards.App - 

