2022-10-04 09:47:49.938 [main] INFO  com.deckofcards.App - Welcome to Deck of Cards Program!
2022-10-04 09:47:52.152 [main] INFO  com.deckofcards.App - Cards inside the deck are as follows
2022-10-04 09:47:52.153 [main] INFO  com.deckofcards.App - 2CLUBS
2022-10-04 09:47:52.153 [main] INFO  com.deckofcards.App - 3CLUBS
2022-10-04 09:47:52.154 [main] INFO  com.deckofcards.App - 4CLUBS
2022-10-04 09:47:52.155 [main] INFO  com.deckofcards.App - 5CLUBS
2022-10-04 09:47:52.156 [main] INFO  com.deckofcards.App - 6CLUBS
2022-10-04 09:47:52.157 [main] INFO  com.deckofcards.App - 7CLUBS
2022-10-04 09:47:52.158 [main] INFO  com.deckofcards.App - 8CLUBS
2022-10-04 09:47:52.159 [main] INFO  com.deckofcards.App - 9CLUBS
2022-10-04 09:47:52.161 [main] INFO  com.deckofcards.App - 10CLUBS
2022-10-04 09:47:52.163 [main] INFO  com.deckofcards.App - JackCLUBS
2022-10-04 09:47:52.164 [main] INFO  com.deckofcards.App - QueenCLUBS
2022-10-04 09:47:52.165 [main] INFO  com.deckofcards.App - KingCLUBS
2022-10-04 09:47:52.167 [main] INFO  com.deckofcards.App - AceCLUBS
2022-10-04 09:47:52.168 [main] INFO  com.deckofcards.App - 2DIAMOND
2022-10-04 09:47:52.169 [main] INFO  com.deckofcards.App - 3DIAMOND
2022-10-04 09:47:52.170 [main] INFO  com.deckofcards.App - 4DIAMOND
2022-10-04 09:47:52.171 [main] INFO  com.deckofcards.App - 5DIAMOND
2022-10-04 09:47:52.171 [main] INFO  com.deckofcards.App - 6DIAMOND
2022-10-04 09:47:52.183 [main] INFO  com.deckofcards.App - 7DIAMOND
2022-10-04 09:47:52.185 [main] INFO  com.deckofcards.App - 8DIAMOND
2022-10-04 09:47:52.186 [main] INFO  com.deckofcards.App - 9DIAMOND
2022-10-04 09:47:52.187 [main] INFO  com.deckofcards.App - 10DIAMOND
2022-10-04 09:47:52.188 [main] INFO  com.deckofcards.App - JackDIAMOND
2022-10-04 09:47:52.188 [main] INFO  com.deckofcards.App - QueenDIAMOND
2022-10-04 09:47:52.189 [main] INFO  com.deckofcards.App - KingDIAMOND
2022-10-04 09:47:52.190 [main] INFO  com.deckofcards.App - AceDIAMOND
2022-10-04 09:47:52.191 [main] INFO  com.deckofcards.App - 2HEARTS
2022-10-04 09:47:52.198 [main] INFO  com.deckofcards.App - 3HEARTS
2022-10-04 09:47:52.200 [main] INFO  com.deckofcards.App - 4HEARTS
2022-10-04 09:47:52.200 [main] INFO  com.deckofcards.App - 5HEARTS
2022-10-04 09:47:52.201 [main] INFO  com.deckofcards.App - 6HEARTS
2022-10-04 09:47:52.202 [main] INFO  com.deckofcards.App - 7HEARTS
2022-10-04 09:47:52.204 [main] INFO  com.deckofcards.App - 8HEARTS
2022-10-04 09:47:52.205 [main] INFO  com.deckofcards.App - 9HEARTS
2022-10-04 09:47:52.206 [main] INFO  com.deckofcards.App - 10HEARTS
2022-10-04 09:47:52.206 [main] INFO  com.deckofcards.App - JackHEARTS
2022-10-04 09:47:52.209 [main] INFO  com.deckofcards.App - QueenHEARTS
2022-10-04 09:47:52.211 [main] INFO  com.deckofcards.App - KingHEARTS
2022-10-04 09:47:52.213 [main] INFO  com.deckofcards.App - AceHEARTS
2022-10-04 09:47:52.214 [main] INFO  com.deckofcards.App - 2SPADES
2022-10-04 09:47:52.216 [main] INFO  com.deckofcards.App - 3SPADES
2022-10-04 09:47:52.217 [main] INFO  com.deckofcards.App - 4SPADES
2022-10-04 09:47:52.218 [main] INFO  com.deckofcards.App - 5SPADES
2022-10-04 09:47:52.219 [main] INFO  com.deckofcards.App - 6SPADES
2022-10-04 09:47:52.220 [main] INFO  com.deckofcards.App - 7SPADES
2022-10-04 09:47:52.221 [main] INFO  com.deckofcards.App - 8SPADES
2022-10-04 09:47:52.226 [main] INFO  com.deckofcards.App - 9SPADES
2022-10-04 09:47:52.228 [main] INFO  com.deckofcards.App - 10SPADES
2022-10-04 09:47:52.229 [main] INFO  com.deckofcards.App - JackSPADES
2022-10-04 09:47:52.230 [main] INFO  com.deckofcards.App - QueenSPADES
2022-10-04 09:47:52.231 [main] INFO  com.deckofcards.App - KingSPADES
2022-10-04 09:47:52.232 [main] INFO  com.deckofcards.App - AceSPADES
2022-10-04 09:47:52.235 [main] INFO  com.deckofcards.App - Player cards are as follows:
2022-10-04 09:47:52.235 [main] INFO  com.deckofcards.App - 7DIAMOND
2022-10-04 09:47:52.236 [main] INFO  com.deckofcards.App - QueenSPADES
2022-10-04 09:47:52.237 [main] INFO  com.deckofcards.App - 8DIAMOND
2022-10-04 09:47:52.238 [main] INFO  com.deckofcards.App - 7CLUBS
2022-10-04 09:47:52.239 [main] INFO  com.deckofcards.App - 10HEARTS
2022-10-04 09:47:52.240 [main] INFO  com.deckofcards.App - 5HEARTS
2022-10-04 09:47:52.241 [main] INFO  com.deckofcards.App - 4DIAMOND
2022-10-04 09:47:52.244 [main] INFO  com.deckofcards.App - AceHEARTS
2022-10-04 09:47:52.248 [main] INFO  com.deckofcards.App - AceDIAMOND
2022-10-04 09:47:52.251 [main] INFO  com.deckofcards.App - Player cards are as follows:
2022-10-04 09:47:52.254 [main] INFO  com.deckofcards.App - KingCLUBS
2022-10-04 09:47:52.255 [main] INFO  com.deckofcards.App - QueenHEARTS
2022-10-04 09:47:52.256 [main] INFO  com.deckofcards.App - 8CLUBS
2022-10-04 09:47:52.260 [main] INFO  com.deckofcards.App - 3DIAMOND
2022-10-04 09:47:52.263 [main] INFO  com.deckofcards.App - 2DIAMOND
2022-10-04 09:47:52.264 [main] INFO  com.deckofcards.App - 4CLUBS
2022-10-04 09:47:52.265 [main] INFO  com.deckofcards.App - 6DIAMOND
2022-10-04 09:47:52.265 [main] INFO  com.deckofcards.App - 6SPADES
2022-10-04 09:47:52.266 [main] INFO  com.deckofcards.App - 9SPADES
2022-10-04 09:47:52.267 [main] INFO  com.deckofcards.App - Player cards are as follows:
2022-10-04 09:47:52.268 [main] INFO  com.deckofcards.App - 3HEARTS
2022-10-04 09:47:52.270 [main] INFO  com.deckofcards.App - 5SPADES
2022-10-04 09:47:52.271 [main] INFO  com.deckofcards.App - KingHEARTS
2022-10-04 09:47:52.272 [main] INFO  com.deckofcards.App - QueenCLUBS
2022-10-04 09:47:52.273 [main] INFO  com.deckofcards.App - QueenDIAMOND
2022-10-04 09:47:52.276 [main] INFO  com.deckofcards.App - 8HEARTS
2022-10-04 09:47:52.278 [main] INFO  com.deckofcards.App - 7SPADES
2022-10-04 09:47:52.279 [main] INFO  com.deckofcards.App - 6CLUBS
2022-10-04 09:47:52.280 [main] INFO  com.deckofcards.App - 4SPADES
2022-10-04 09:47:52.281 [main] INFO  com.deckofcards.App - Player cards are as follows:
2022-10-04 09:47:52.282 [main] INFO  com.deckofcards.App - JackDIAMOND
2022-10-04 09:47:52.284 [main] INFO  com.deckofcards.App - 3SPADES
2022-10-04 09:47:52.284 [main] INFO  com.deckofcards.App - 4HEARTS
2022-10-04 09:47:52.285 [main] INFO  com.deckofcards.App - 2SPADES
2022-10-04 09:47:52.286 [main] INFO  com.deckofcards.App - 6HEARTS
2022-10-04 09:47:52.288 [main] INFO  com.deckofcards.App - JackCLUBS
2022-10-04 09:47:52.289 [main] INFO  com.deckofcards.App - AceSPADES
2022-10-04 09:47:52.290 [main] INFO  com.deckofcards.App - JackHEARTS
2022-10-04 09:47:52.295 [main] INFO  com.deckofcards.App - 10SPADES
2022-10-04 09:48:05.096 [main] INFO  com.deckofcards.App - Welcome to Deck of Cards Program!
2022-10-04 09:48:05.767 [main] INFO  com.deckofcards.App - Cards inside the deck are as follows
2022-10-04 09:48:05.767 [main] INFO  com.deckofcards.App - 2CLUBS
2022-10-04 09:48:05.767 [main] INFO  com.deckofcards.App - 3CLUBS
2022-10-04 09:48:05.768 [main] INFO  com.deckofcards.App - 4CLUBS
2022-10-04 09:48:05.768 [main] INFO  com.deckofcards.App - 5CLUBS
2022-10-04 09:48:05.768 [main] INFO  com.deckofcards.App - 6CLUBS
2022-10-04 09:48:05.769 [main] INFO  com.deckofcards.App - 7CLUBS
2022-10-04 09:48:05.769 [main] INFO  com.deckofcards.App - 8CLUBS
2022-10-04 09:48:05.769 [main] INFO  com.deckofcards.App - 9CLUBS
2022-10-04 09:48:05.770 [main] INFO  com.deckofcards.App - 10CLUBS
2022-10-04 09:48:05.770 [main] INFO  com.deckofcards.App - JackCLUBS
2022-10-04 09:48:05.771 [main] INFO  com.deckofcards.App - QueenCLUBS
2022-10-04 09:48:05.771 [main] INFO  com.deckofcards.App - KingCLUBS
2022-10-04 09:48:05.773 [main] INFO  com.deckofcards.App - AceCLUBS
2022-10-04 09:48:05.773 [main] INFO  com.deckofcards.App - 2DIAMOND
2022-10-04 09:48:05.774 [main] INFO  com.deckofcards.App - 3DIAMOND
2022-10-04 09:48:05.774 [main] INFO  com.deckofcards.App - 4DIAMOND
2022-10-04 09:48:05.774 [main] INFO  com.deckofcards.App - 5DIAMOND
2022-10-04 09:48:05.774 [main] INFO  com.deckofcards.App - 6DIAMOND
2022-10-04 09:48:05.775 [main] INFO  com.deckofcards.App - 7DIAMOND
2022-10-04 09:48:05.775 [main] INFO  com.deckofcards.App - 8DIAMOND
2022-10-04 09:48:05.775 [main] INFO  com.deckofcards.App - 9DIAMOND
2022-10-04 09:48:05.777 [main] INFO  com.deckofcards.App - 10DIAMOND
2022-10-04 09:48:05.779 [main] INFO  com.deckofcards.App - JackDIAMOND
2022-10-04 09:48:05.779 [main] INFO  com.deckofcards.App - QueenDIAMOND
2022-10-04 09:48:05.779 [main] INFO  com.deckofcards.App - KingDIAMOND
2022-10-04 09:48:05.781 [main] INFO  com.deckofcards.App - AceDIAMOND
2022-10-04 09:48:05.782 [main] INFO  com.deckofcards.App - 2HEARTS
2022-10-04 09:48:05.783 [main] INFO  com.deckofcards.App - 3HEARTS
2022-10-04 09:48:05.784 [main] INFO  com.deckofcards.App - 4HEARTS
2022-10-04 09:48:05.784 [main] INFO  com.deckofcards.App - 5HEARTS
2022-10-04 09:48:05.786 [main] INFO  com.deckofcards.App - 6HEARTS
2022-10-04 09:48:05.786 [main] INFO  com.deckofcards.App - 7HEARTS
2022-10-04 09:48:05.787 [main] INFO  com.deckofcards.App - 8HEARTS
2022-10-04 09:48:05.788 [main] INFO  com.deckofcards.App - 9HEARTS
2022-10-04 09:48:05.789 [main] INFO  com.deckofcards.App - 10HEARTS
2022-10-04 09:48:05.790 [main] INFO  com.deckofcards.App - JackHEARTS
2022-10-04 09:48:05.794 [main] INFO  com.deckofcards.App - QueenHEARTS
2022-10-04 09:48:05.794 [main] INFO  com.deckofcards.App - KingHEARTS
2022-10-04 09:48:05.795 [main] INFO  com.deckofcards.App - AceHEARTS
2022-10-04 09:48:05.796 [main] INFO  com.deckofcards.App - 2SPADES
2022-10-04 09:48:05.797 [main] INFO  com.deckofcards.App - 3SPADES
2022-10-04 09:48:05.797 [main] INFO  com.deckofcards.App - 4SPADES
2022-10-04 09:48:05.798 [main] INFO  com.deckofcards.App - 5SPADES
2022-10-04 09:48:05.799 [main] INFO  com.deckofcards.App - 6SPADES
2022-10-04 09:48:05.799 [main] INFO  com.deckofcards.App - 7SPADES
2022-10-04 09:48:05.800 [main] INFO  com.deckofcards.App - 8SPADES
2022-10-04 09:48:05.801 [main] INFO  com.deckofcards.App - 9SPADES
2022-10-04 09:48:05.802 [main] INFO  com.deckofcards.App - 10SPADES
2022-10-04 09:48:05.803 [main] INFO  com.deckofcards.App - JackSPADES
2022-10-04 09:48:05.805 [main] INFO  com.deckofcards.App - QueenSPADES
2022-10-04 09:48:05.807 [main] INFO  com.deckofcards.App - KingSPADES
2022-10-04 09:48:05.808 [main] INFO  com.deckofcards.App - AceSPADES
2022-10-04 09:48:05.813 [main] INFO  com.deckofcards.App - Player cards are as follows:
2022-10-04 09:48:05.815 [main] INFO  com.deckofcards.App - QueenDIAMOND
2022-10-04 09:48:05.820 [main] INFO  com.deckofcards.App - KingDIAMOND
2022-10-04 09:48:05.821 [main] INFO  com.deckofcards.App - JackHEARTS
2022-10-04 09:48:05.822 [main] INFO  com.deckofcards.App - 4CLUBS
2022-10-04 09:48:05.824 [main] INFO  com.deckofcards.App - 5SPADES
2022-10-04 09:48:05.825 [main] INFO  com.deckofcards.App - JackCLUBS
2022-10-04 09:48:05.826 [main] INFO  com.deckofcards.App - 8DIAMOND
2022-10-04 09:48:05.827 [main] INFO  com.deckofcards.App - 4HEARTS
2022-10-04 09:48:05.828 [main] INFO  com.deckofcards.App - KingSPADES
2022-10-04 09:48:05.829 [main] INFO  com.deckofcards.App - Player cards are as follows:
2022-10-04 09:48:05.829 [main] INFO  com.deckofcards.App - 8CLUBS
2022-10-04 09:48:05.830 [main] INFO  com.deckofcards.App - 7CLUBS
2022-10-04 09:48:05.831 [main] INFO  com.deckofcards.App - 3CLUBS
2022-10-04 09:48:05.832 [main] INFO  com.deckofcards.App - 2CLUBS
2022-10-04 09:48:05.833 [main] INFO  com.deckofcards.App - 10CLUBS
2022-10-04 09:48:05.834 [main] INFO  com.deckofcards.App - 4DIAMOND
2022-10-04 09:48:05.834 [main] INFO  com.deckofcards.App - 10DIAMOND
2022-10-04 09:48:05.835 [main] INFO  com.deckofcards.App - QueenCLUBS
2022-10-04 09:48:05.835 [main] INFO  com.deckofcards.App - 8SPADES
2022-10-04 10:23:18.056 [main] INFO  com.deckofcards.App - Welcome to Deck of Cards Program!
2022-10-04 10:23:18.905 [main] INFO  com.deckofcards.App - Cards inside the deck are as follows
2022-10-04 10:23:18.907 [main] INFO  com.deckofcards.App - 2CLUBS
2022-10-04 10:23:18.907 [main] INFO  com.deckofcards.App - 3CLUBS
2022-10-04 10:23:18.907 [main] INFO  com.deckofcards.App - 4CLUBS
2022-10-04 10:23:18.909 [main] INFO  com.deckofcards.App - 5CLUBS
2022-10-04 10:23:18.909 [main] INFO  com.deckofcards.App - 6CLUBS
2022-10-04 10:23:18.910 [main] INFO  com.deckofcards.App - 7CLUBS
2022-10-04 10:23:18.912 [main] INFO  com.deckofcards.App - 8CLUBS
2022-10-04 10:23:18.913 [main] INFO  com.deckofcards.App - 9CLUBS
2022-10-04 10:23:18.915 [main] INFO  com.deckofcards.App - 10CLUBS
2022-10-04 10:23:18.917 [main] INFO  com.deckofcards.App - JackCLUBS
2022-10-04 10:23:18.918 [main] INFO  com.deckofcards.App - QueenCLUBS
2022-10-04 10:23:18.919 [main] INFO  com.deckofcards.App - KingCLUBS
2022-10-04 10:23:18.920 [main] INFO  com.deckofcards.App - AceCLUBS
2022-10-04 10:23:18.921 [main] INFO  com.deckofcards.App - 2DIAMOND
2022-10-04 10:23:18.922 [main] INFO  com.deckofcards.App - 3DIAMOND
2022-10-04 10:23:18.922 [main] INFO  com.deckofcards.App - 4DIAMOND
2022-10-04 10:23:18.923 [main] INFO  com.deckofcards.App - 5DIAMOND
2022-10-04 10:23:18.924 [main] INFO  com.deckofcards.App - 6DIAMOND
2022-10-04 10:23:18.925 [main] INFO  com.deckofcards.App - 7DIAMOND
2022-10-04 10:23:18.926 [main] INFO  com.deckofcards.App - 8DIAMOND
2022-10-04 10:23:18.929 [main] INFO  com.deckofcards.App - 9DIAMOND
2022-10-04 10:23:18.931 [main] INFO  com.deckofcards.App - 10DIAMOND
2022-10-04 10:23:18.932 [main] INFO  com.deckofcards.App - JackDIAMOND
2022-10-04 10:23:18.934 [main] INFO  com.deckofcards.App - QueenDIAMOND
2022-10-04 10:23:18.935 [main] INFO  com.deckofcards.App - KingDIAMOND
2022-10-04 10:23:18.937 [main] INFO  com.deckofcards.App - AceDIAMOND
2022-10-04 10:23:18.938 [main] INFO  com.deckofcards.App - 2HEARTS
2022-10-04 10:23:18.939 [main] INFO  com.deckofcards.App - 3HEARTS
2022-10-04 10:23:18.941 [main] INFO  com.deckofcards.App - 4HEARTS
2022-10-04 10:23:18.942 [main] INFO  com.deckofcards.App - 5HEARTS
2022-10-04 10:23:18.946 [main] INFO  com.deckofcards.App - 6HEARTS
2022-10-04 10:23:18.947 [main] INFO  com.deckofcards.App - 7HEARTS
2022-10-04 10:23:18.947 [main] INFO  com.deckofcards.App - 8HEARTS
2022-10-04 10:23:18.948 [main] INFO  com.deckofcards.App - 9HEARTS
2022-10-04 10:23:18.949 [main] INFO  com.deckofcards.App - 10HEARTS
2022-10-04 10:23:18.949 [main] INFO  com.deckofcards.App - JackHEARTS
2022-10-04 10:23:18.950 [main] INFO  com.deckofcards.App - QueenHEARTS
2022-10-04 10:23:18.950 [main] INFO  com.deckofcards.App - KingHEARTS
2022-10-04 10:23:18.951 [main] INFO  com.deckofcards.App - AceHEARTS
2022-10-04 10:23:18.952 [main] INFO  com.deckofcards.App - 2SPADES
2022-10-04 10:23:18.952 [main] INFO  com.deckofcards.App - 3SPADES
2022-10-04 10:23:18.954 [main] INFO  com.deckofcards.App - 4SPADES
2022-10-04 10:23:18.954 [main] INFO  com.deckofcards.App - 5SPADES
2022-10-04 10:23:18.955 [main] INFO  com.deckofcards.App - 6SPADES
2022-10-04 10:23:18.956 [main] INFO  com.deckofcards.App - 7SPADES
2022-10-04 10:23:18.956 [main] INFO  com.deckofcards.App - 8SPADES
2022-10-04 10:23:18.957 [main] INFO  com.deckofcards.App - 9SPADES
2022-10-04 10:23:18.959 [main] INFO  com.deckofcards.App - 10SPADES
2022-10-04 10:23:18.962 [main] INFO  com.deckofcards.App - JackSPADES
2022-10-04 10:23:18.964 [main] INFO  com.deckofcards.App - QueenSPADES
2022-10-04 10:23:18.965 [main] INFO  com.deckofcards.App - KingSPADES
2022-10-04 10:23:18.966 [main] INFO  com.deckofcards.App - AceSPADES
2022-10-04 10:23:18.968 [main] INFO  com.deckofcards.App - Player cards are as follows:
2022-10-04 10:23:18.969 [main] INFO  com.deckofcards.App - 6SPADES
2022-10-04 10:23:18.970 [main] INFO  com.deckofcards.App - AceCLUBS
2022-10-04 10:23:18.971 [main] INFO  com.deckofcards.App - QueenHEARTS
2022-10-04 10:23:18.972 [main] INFO  com.deckofcards.App - AceDIAMOND
2022-10-04 10:23:18.973 [main] INFO  com.deckofcards.App - 5DIAMOND
2022-10-04 10:23:18.976 [main] INFO  com.deckofcards.App - QueenSPADES
2022-10-04 10:23:18.978 [main] INFO  com.deckofcards.App - 3CLUBS
2022-10-04 10:23:18.980 [main] INFO  com.deckofcards.App - JackHEARTS
2022-10-04 10:23:18.981 [main] INFO  com.deckofcards.App - 10DIAMOND
2022-10-04 10:23:18.982 [main] INFO  com.deckofcards.App - Player cards are as follows:
2022-10-04 10:23:18.983 [main] INFO  com.deckofcards.App - 8CLUBS
2022-10-04 10:23:18.984 [main] INFO  com.deckofcards.App - 7SPADES
2022-10-04 10:23:18.985 [main] INFO  com.deckofcards.App - 4CLUBS
2022-10-04 10:23:18.985 [main] INFO  com.deckofcards.App - JackSPADES
2022-10-04 10:23:18.986 [main] INFO  com.deckofcards.App - 10CLUBS
2022-10-04 10:23:18.986 [main] INFO  com.deckofcards.App - 8SPADES
2022-10-04 10:23:18.987 [main] INFO  com.deckofcards.App - 2CLUBS
2022-10-04 10:23:18.988 [main] INFO  com.deckofcards.App - 9SPADES
2022-10-04 10:23:18.988 [main] INFO  com.deckofcards.App - 6HEARTS
